# Домашняя работа №12 (к занятию от 09.10.23)
[Секционирование таблицы]

- [x] Использую ранее созданный инстанс виртуальной машины "postgres2" с дефолтными параметрами в YC (ОС:Ubuntu 22.04, HDD 10Gb, RAM 4Gb);
- [x] Добавлен ssh ключ в metadata ВМ yc_key.pub;
- [x] Развернут кластер БД PostgreSQL 15;

`silunsky@postgres:~$ pg_lsclusters`

`Ver Cluster Port Status Owner    Data directory              Log file`

`15  main    5432 online postgres /var/lib/postgresql/15/main /var/log/postgresql/postgresql-15-main.log`

- [x] Используем демонстрационную базу Перелеты.
⚠️ Демонстрационная база данных взята с edu.postgrespro.ru: demo-big.zip (232 МБ) — данные по полётам за год (размер БД около 2,5 ГБ)
Файлы содержат SQL-скрипт, создающий базу данных demo и наполняющий её данными (фактически, это резервная копия, созданная утилитой pg_dump). Владельцем базы данных demo станет пользователь СУБД, выполнявший скрипт. 
В кластере `15  main    5432 online postgres /var/lib/postgresql/15/main /var/log/postgresql/postgresql-15-main.log`
создана БД **demo**

`demo=# \dt`

List of relations

|  Schema  |      Name       | Type  |  Owner   |
|----------|-----------------|-------|----------|
| bookings | aircrafts_data  | table | postgres |
| bookings | airports_data   | table | postgres |
| bookings | boarding_passes | table | postgres |
| bookings | bookings        | table | postgres |
| bookings | flights         | table | postgres |
| bookings | seats           | table | postgres |
| bookings | ticket_flights  | table | postgres |
| bookings | tickets         | table | postgres |
(8 rows)

`demo=# select pg_size_pretty(pg_table_size('flights'));`

| pg_size_pretty | 
|----------------|
| 21 MB          |
(1 row)

`demo=# select pg_size_pretty(pg_table_size('tickets'));`

| pg_size_pretty  | 
|---------------- |
| 386 MB          |
(1 row)

`demo=# select pg_size_pretty(pg_table_size('bookings'));`

| pg_size_pretty| 
|---------------|
| 105 MB        |
(1 row)

- [x] Прежде всего ознакомимся со структурой таблиц **bookings** и **tickets** базы двнных **demo**

`demo=# \d bookings`

Table "bookings.bookings"
|    Column    |           Type           | Collation | Nullable | Default |
|--------------|--------------------------|-----------|----------|---------|
| book_ref     | character(6)             |           | not null |         |
| book_date    | timestamp with time zone |           | not null |         |
| total_amount | numeric(10,2)            |           | not null |         |
|Indexes:     "bookings_pkey" PRIMARY KEY, btree (book_ref)|
|Referenced by:     TABLE "tickets" CONSTRAINT "tickets_book_ref_fkey" FOREIGN KEY (book_ref) REFERENCES bookings(book_ref)|

`demo=# \d tickets`

Table "bookings.tickets"
|     Column     |         Type          | Collation | Nullable | Default |
|----------------|-----------------------|-----------|----------|---------|
| ticket_no      | character(13)         |           | not null |         |
| book_ref       | character(6)          |           | not null |         | 
| passenger_id   | character varying(20) |           | not null |         |
| passenger_name | text                  |           | not null |         |
| contact_data   | jsonb                 |           |          |         |
|Indexes:     "tickets_pkey" PRIMARY KEY, btree (ticket_no)|
|Foreign-key constraints:     "tickets_book_ref_fkey" FOREIGN KEY (book_ref) REFERENCES bookings(book_ref)|
|Referenced by:     TABLE "ticket_flights" CONSTRAINT "ticket_flights_ticket_no_fkey" FOREIGN KEY (ticket_no) REFERENCES tickets(ticket_no)|

- [x] Теперь, понимая структуру сделаем таблицу **bookings** секционированной по диапазону дат. Для этого выполним следующие действия:

Создадим таблицу **bookings_range**

`demo=# CREATE TABLE bookings_range (`
 
     `  book_ref     character(6),`

     `  book_date    timestamptz,`
     
     `  total_amount numeric(10,2)`

 `  ) PARTITION BY RANGE(book_date);`
 
CREATE TABLE

`demo=# \d bookings_range `

Partitioned table "bookings.bookings_range"
|    Column    |           Type           | Collation | Nullable | Default |
|--------------|--------------------------|-----------|----------|---------|
| book_ref     | character(6)             |           |          |         |
| book_date    | timestamp with time zone |           |          |         |
| total_amount | numeric(10,2)            |           |          |         |
|Partition key: RANGE (book_date)|
|Number of partitions: 0|

- Создадим секции(партиции) на каждый месяц:

`demo=# CREATE TABLE bookings_range_201706 PARTITION OF bookings_range `

` FOR VALUES FROM ('2017-06-01'::timestamptz) TO ('2017-07-01'::timestamptz);`

CREATE TABLE

`demo=# CREATE TABLE bookings_range_201707 PARTITION OF bookings_range `

`FOR VALUES FROM ('2017-07-01'::timestamptz) TO ('2017-08-01'::timestamptz);`

CREATE TABLE

`demo=# CREATE TABLE bookings_range_201606 PARTITION OF bookings_range `

` FOR VALUES FROM ('2016-06-01'::timestamptz) TO ('2016-07-01'::timestamptz);`
      
CREATE TABLE

`demo=# CREATE TABLE bookings_range_201607 PARTITION OF bookings_range `

`  FOR VALUES FROM ('2016-07-01'::timestamptz) TO ('2016-08-01'::timestamptz);`

CREATE TABLE

`demo=# CREATE TABLE bookings_range_201608 PARTITION OF bookings_range `

 `FOR VALUES FROM ('2016-08-01'::timestamptz) TO ('2016-09-01'::timestamptz);`
       
CREATE TABLE

`demo=# CREATE TABLE bookings_range_201609 PARTITION OF bookings_range `

` FOR VALUES FROM ('2016-09-01'::timestamptz) TO ('2016-10-01'::timestamptz);`

CREATE TABLE

`demo=# CREATE TABLE bookings_range_201610 PARTITION OF bookings_range `

`  FOR VALUES FROM ('2016-10-01'::timestamptz) TO ('2016-11-01'::timestamptz);`
     
CREATE TABLE

- Для указания границ секции можно использовать не только константы, но и выражения, например вызов функции. Значение выражения вычисляется в момент создания секции
 и сохраняется в системном каталоге:

`demo=# CREATE TABLE bookings_range_201708 PARTITION OF bookings_range `

`FOR VALUES FROM (to_timestamp('01.08.2017','DD.MM.YYYY'))` 
       
` TO (to_timestamp('01.09.2017','DD.MM.YYYY'));`

CREATE TABLE

И так для каждого месяца(периода партиционирования)

- Теперь, посмотрим на структуру таблицы **bookings_range** после партиционирования:

`demo=# \d+ bookings_range`

Partitioned table "bookings.bookings_range"
|    Column    |           Type           | Collation | Nullable | Default | Storage  | Compression | Stats target | Description |
|--------------|--------------------------|-----------|----------|---------|----------|-------------|--------------|-------------|
| book_ref     | character(6)             |           |          |         | extended |             |              |             | 
| book_date    | timestamp with time zone |           |          |         | plain    |             |              |             |
| total_amount | numeric(10,2)            |           |          |         | main     |             |              |             |

Partition key: RANGE (book_date)

Partitions: bookings_range_201606 FOR VALUES FROM ('2016-06-01 00:00:00+00') TO ('2016-07-01 00:00:00+00'),

bookings_range_201607 FOR VALUES FROM ('2016-07-01 00:00:00+00') TO ('2016-08-01 00:00:00+00'),
            
bookings_range_201608 FOR VALUES FROM ('2016-08-01 00:00:00+00') TO ('2016-09-01 00:00:00+00'),

bookings_range_201609 FOR VALUES FROM ('2016-09-01 00:00:00+00') TO ('2016-10-01 00:00:00+00'),

bookings_range_201610 FOR VALUES FROM ('2016-10-01 00:00:00+00') TO ('2016-11-01 00:00:00+00'),

bookings_range_201706 FOR VALUES FROM ('2017-06-01 00:00:00+00') TO ('2017-07-01 00:00:00+00'),

bookings_range_201707 FOR VALUES FROM ('2017-07-01 00:00:00+00') TO ('2017-08-01 00:00:00+00'),

bookings_range_201708 FOR VALUES FROM ('2017-08-01 00:00:00+00') TO ('2017-09-01 00:00:00+00')

- Все, этого достаточно. Не нужен триггер на вставку записей, не нужны ограничения `CHECK`. Параметр `CONSTRAINT_EXCLUSION` также не нужен, его даже можно отключить

`demo=# SET constraint_exclusion = OFF;`

SET

Проверим заполнение с автоматической раскладкой по секциям(партициям):

`demo=# INSERT INTO bookings_range SELECT * FROM bookings;`

INSERT 0 2111110

- За декларативным синтаксисом по-прежнему скрываются наследуемые таблицы, поэтому распределение строк по секциям можно посмотреть запросом:

`demo=# SELECT tableoid::regclass, count(*) FROM bookings_range GROUP BY tableoid;`

|       tableoid        | count  | 
|-----------------------|--------|
| bookings_range_201708 |  87790 |
| bookings_range_201608 | 168470 |
| bookings_range_201707 | 171671 |
| bookings_range_201705 | 170952 |
| bookings_range_201612 | 171290 |
| bookings_range_201609 | 165419 |
| bookings_range_201610 | 170925 |
| bookings_range_201703 | 171260 |
| bookings_range_201611 | 165437 |
| bookings_range_201706 | 165213 |
| bookings_range_201702 | 154598 |
| bookings_range_201701 | 171206 |
| bookings_range_201704 | 165485 |
| bookings_range_201607 |  11394 |
(14 rows)

- При этом в родительской таблице данных нет:

`demo=# SELECT * FROM ONLY bookings_range;`

| book_ref | book_date | total_amount |
|----------|-----------|--------------|
(0 rows)


`demo=# EXPLAIN (COSTS OFF) `

`SELECT * FROM bookings_range WHERE book_date = '2016-07-01'::timestamptz;`

|QUERY PLAN                                                                  |
|----------------------------------------------------------------------------|
| Seq Scan on bookings_range_201607 bookings_range |
| Filter: (book_date = '2016-07-01 00:00:00+00'::timestamp with time zone)|
(2 rows)

- Для выполнения следующего запроса требуется сортировка результатов полученных из разных секций. Поэтому в плане запроса мы видим узел SORT и высокую начальную стоимость плана:

`demo=# EXPLAIN SELECT * FROM bookings_range ORDER BY book_date;`

| QUERY PLAN                                                                                                 |
|------------------------------------------------------------------------------------------------------------|
| Sort  (cost=343317.14..348600.02 rows=2113150 width=21)|
|   Sort Key: bookings_range.book_date|
|   ->  Append  (cost=0.00..45171.25 rows=2113150 width=21)|
|         ->  Seq Scan on bookings_range_201603 bookings_range_1  (cost=0.00..20.20 rows=1020 width=52)
|         ->  Seq Scan on bookings_range_201607 bookings_range_2  (cost=0.00..186.94 rows=11394 width=21)
|         ->  Seq Scan on bookings_range_201608 bookings_range_3  (cost=0.00..2758.70 rows=168470 width=21)
|         ->  Seq Scan on bookings_range_201609 bookings_range_4  (cost=0.00..2708.19 rows=165419 width=21)
|         ->  Seq Scan on bookings_range_201610 bookings_range_5  (cost=0.00..2798.25 rows=170925 width=21)
|         ->  Seq Scan on bookings_range_201611 bookings_range_6  (cost=0.00..2708.37 rows=165437 width=21)
|         ->  Seq Scan on bookings_range_201612 bookings_range_7  (cost=0.00..2804.90 rows=171290 width=21)
|         ->  Seq Scan on bookings_range_201701 bookings_range_8  (cost=0.00..2803.06 rows=171206 width=21)
|         ->  Seq Scan on bookings_range_201702 bookings_range_9  (cost=0.00..2530.98 rows=154598 width=21)
|         ->  Seq Scan on bookings_range_201703 bookings_range_10  (cost=0.00..2803.60 rows=171260 width=21)
|         ->  Seq Scan on bookings_range_201704 bookings_range_11  (cost=0.00..2709.85 rows=165485 width=21)
|         ->  Seq Scan on bookings_range_201705 bookings_range_12  (cost=0.00..2798.52 rows=170952 width=21)
|         ->  Seq Scan on bookings_range_201706 bookings_range_13  (cost=0.00..2705.13 rows=165213 width=21)
|         ->  Seq Scan on bookings_range_201707 bookings_range_14  (cost=0.00..2810.71 rows=171671 width=21)
|         ->  Seq Scan on bookings_range_201708 bookings_range_15  (cost=0.00..1437.90 rows=87790 width=21)
|         ->  Seq Scan on bookings_range_201709 bookings_range_16  (cost=0.00..20.20 rows=1020 width=52)
(19 rows)

- Создадим индекс по book_date. Вместо одного глобального индекса, создаются индексы в каждой секции:

`demo=# CREATE INDEX book_date_idx ON bookings_range(book_date);`

CREATE INDEX

`demo=# \di bookings_range*`

List of relations
|  Schema  |                Name                 | Type  |  Owner   |         Table         |
|----------|-------------------------------------|-------|----------|-----------------------|
 bookings | bookings_range_201603_book_date_idx | index | postgres | bookings_range_201603  |
 bookings | bookings_range_201607_book_date_idx | index | postgres | bookings_range_201607  |
 bookings | bookings_range_201608_book_date_idx | index | postgres | bookings_range_201608  |
 bookings | bookings_range_201609_book_date_idx | index | postgres | bookings_range_201609  |
 bookings | bookings_range_201610_book_date_idx | index | postgres | bookings_range_201610  |
 bookings | bookings_range_201611_book_date_idx | index | postgres | bookings_range_201611  |
 bookings | bookings_range_201612_book_date_idx | index | postgres | bookings_range_201612  |
 bookings | bookings_range_201701_book_date_idx | index | postgres | bookings_range_201701  |
 bookings | bookings_range_201702_book_date_idx | index | postgres | bookings_range_201702  |
 bookings | bookings_range_201703_book_date_idx | index | postgres | bookings_range_201703  |
 bookings | bookings_range_201704_book_date_idx | index | postgres | bookings_range_201704  |
 bookings | bookings_range_201705_book_date_idx | index | postgres | bookings_range_201705  |
 bookings | bookings_range_201706_book_date_idx | index | postgres | bookings_range_201706  |
 bookings | bookings_range_201707_book_date_idx | index | postgres | bookings_range_201707  |
 bookings | bookings_range_201708_book_date_idx | index | postgres | bookings_range_201708  |
 bookings | bookings_range_201709_book_date_idx | index | postgres | bookings_range_201709  |
(16 rows)



- Предыдущий запрос с сортировкой теперь может использовать индекс по ключу секционирования и выдавать результат из разных секций сразу в отсортированном виде. Узел SORT не нужен и для выдачи первой строки результата требуются минимальные затраты:

|  QUERY PLAN                                                                    
|--------------------------------------------------------------------------------------------------------------------------------------------------
| Append  (cost=4.42..60847.49 rows=2113150 width=21)
|   ->  Index Scan using bookings_range_201603_book_date_idx on bookings_range_201603 bookings_range_1  (cost=0.15..27.55 rows=1020 width=52)
|   ->  Index Scan using bookings_range_201607_book_date_idx on bookings_range_201607 bookings_range_2  (cost=0.29..281.19 rows=11394 width=21)
|   ->  Index Scan using bookings_range_201608_book_date_idx on bookings_range_201608 bookings_range_3  (cost=0.29..4010.14 rows=168470 width=21)
|   ->  Index Scan using bookings_range_201609_book_date_idx on bookings_range_201609 bookings_range_4  (cost=0.29..3934.68 rows=165419 width=21)
|   ->  Index Scan using bookings_range_201610_book_date_idx on bookings_range_201610 bookings_range_5  (cost=0.29..4065.67 rows=170925 width=21)
|   ->  Index Scan using bookings_range_201611_book_date_idx on bookings_range_201611 bookings_range_6  (cost=0.29..3936.05 rows=165437 width=21)
|   ->  Index Scan using bookings_range_201612_book_date_idx on bookings_range_201612 bookings_range_7  (cost=0.29..4074.44 rows=171290 width=21)
|   ->  Index Scan using bookings_range_201701_book_date_idx on bookings_range_201701 bookings_range_8  (cost=0.29..4072.08 rows=171206 width=21)
|   ->  Index Scan using bookings_range_201702_book_date_idx on bookings_range_201702 bookings_range_9  (cost=0.29..3677.76 rows=154598 width=21)
|   ->  Index Scan using bookings_range_201703_book_date_idx on bookings_range_201703 bookings_range_10  (cost=0.29..4072.89 rows=171260 width=21)
|   ->  Index Scan using bookings_range_201704_book_date_idx on bookings_range_201704 bookings_range_11  (cost=0.29..3936.77 rows=165485 width=21)
|   ->  Index Scan using bookings_range_201705_book_date_idx on bookings_range_201705 bookings_range_12  (cost=0.29..4066.07 rows=170952 width=21)
|   ->  Index Scan using bookings_range_201706_book_date_idx on bookings_range_201706 bookings_range_13  (cost=0.29..3930.49 rows=165213 width=21)
|   ->  Index Scan using bookings_range_201707_book_date_idx on bookings_range_201707 bookings_range_14  (cost=0.29..4083.46 rows=171671 width=21)
|   ->  Index Scan using bookings_range_201708_book_date_idx on bookings_range_201708 bookings_range_15  (cost=0.29..2084.93 rows=87790 width=21)
|   ->  Index Scan using bookings_range_201709_book_date_idx on bookings_range_201709 bookings_range_16  (cost=0.15..27.55 rows=1020 width=52)
(17 rows)

😄 **Тема мекционирования успешно отработана на практике**
